<?xml version="1.0" encoding="UTF-8" standalone="no"?>
<testsuite failures="0" name="cucumber.runtime.formatter.JUnitFormatter" skipped="0" tests="1" time="6.017473">
    <testcase classname="To validate the account creation of fb application" name="To create new account" time="6.017473">
        <system-out><![CDATA[Given To launch the browser and maximize the window.........................passed
When To launch url of fb application........................................passed
And To click the create new account button..................................passed
And To pass firstname in firstname text box.................................passed
And To pass secondname in secondname text box...............................passed
And To pass mobileno or email in email text box.............................passed
And To create new password using new password text box......................passed
Then TO close the chrome browser............................................passed
]]></system-out>
    </testcase>
</testsuite>
